31-May-2016 11:20:51.734 INFO [http-apr-8090-exec-8] org.apache.catalina.core.ApplicationContext.log HTMLManager: init: Associated with Deployer 'Catalina:type=Deployer,host=localhost'
31-May-2016 11:20:51.734 INFO [http-apr-8090-exec-8] org.apache.catalina.core.ApplicationContext.log HTMLManager: init: Global resources are available
31-May-2016 11:20:51.739 INFO [http-apr-8090-exec-8] org.apache.catalina.core.ApplicationContext.log HTMLManager: list: Listing contexts for virtual host 'localhost'
31-May-2016 11:20:59.022 INFO [http-apr-8090-exec-5] org.apache.catalina.core.ApplicationContext.log HTMLManager: start: Starting web application '/seve-webapp'
31-May-2016 11:21:01.587 INFO [http-apr-8090-exec-5] org.apache.catalina.core.ApplicationContext.log HTMLManager: list: Listing contexts for virtual host 'localhost'
31-May-2016 11:25:36.341 INFO [http-apr-8090-exec-2] org.apache.catalina.core.ApplicationContext.log HTMLManager: init: Associated with Deployer 'Catalina:type=Deployer,host=localhost'
31-May-2016 11:25:36.341 INFO [http-apr-8090-exec-2] org.apache.catalina.core.ApplicationContext.log HTMLManager: init: Global resources are available
31-May-2016 11:25:36.359 INFO [http-apr-8090-exec-2] org.apache.catalina.core.ApplicationContext.log HTMLManager: list: Listing contexts for virtual host 'localhost'
31-May-2016 11:37:42.961 INFO [http-apr-8090-exec-13] org.apache.catalina.core.ApplicationContext.log HTMLManager: list: Listing contexts for virtual host 'localhost'
31-May-2016 11:47:22.559 INFO [http-apr-8090-exec-12] org.apache.catalina.core.ApplicationContext.log HTMLManager: list: Listing contexts for virtual host 'localhost'
31-May-2016 12:27:56.294 INFO [http-apr-8090-exec-21] org.apache.catalina.core.ApplicationContext.log HTMLManager: list: Listing contexts for virtual host 'localhost'
31-May-2016 12:30:44.304 INFO [http-apr-8090-exec-20] org.apache.catalina.core.ApplicationContext.log HTMLManager: undeploy: Undeploying web application at '/seve-webapp'
31-May-2016 12:30:44.914 INFO [http-apr-8090-exec-20] org.apache.catalina.core.ApplicationContext.log HTMLManager: list: Listing contexts for virtual host 'localhost'
31-May-2016 12:33:12.536 INFO [http-apr-8090-exec-22] org.apache.catalina.core.ApplicationContext.log HTMLManager: list: Listing contexts for virtual host 'localhost'
31-May-2016 12:34:33.191 INFO [http-apr-8090-exec-25] org.apache.catalina.core.ApplicationContext.log HTMLManager: stop: Stopping web application '/seve-webapp'
31-May-2016 12:34:33.207 INFO [http-apr-8090-exec-25] org.apache.catalina.core.ApplicationContext.log HTMLManager: list: Listing contexts for virtual host 'localhost'
31-May-2016 12:34:36.129 INFO [http-apr-8090-exec-22] org.apache.catalina.core.ApplicationContext.log HTMLManager: start: Starting web application '/seve-webapp'
31-May-2016 12:34:39.572 INFO [http-apr-8090-exec-22] org.apache.catalina.core.ApplicationContext.log HTMLManager: list: Listing contexts for virtual host 'localhost'
31-May-2016 12:35:11.620 INFO [http-apr-8090-exec-20] org.apache.catalina.core.ApplicationContext.log HTMLManager: undeploy: Undeploying web application at '/seve-webapp'
31-May-2016 12:35:12.215 INFO [http-apr-8090-exec-20] org.apache.catalina.core.ApplicationContext.log HTMLManager: list: Listing contexts for virtual host 'localhost'
31-May-2016 12:37:58.992 INFO [http-apr-8090-exec-34] org.apache.catalina.core.ApplicationContext.log HTMLManager: list: Listing contexts for virtual host 'localhost'
31-May-2016 12:44:24.711 INFO [http-apr-8090-exec-41] org.apache.catalina.core.ApplicationContext.log HTMLManager: list: Listing contexts for virtual host 'localhost'
